app/build/intermediates/manifest_merge_blame_file/debug/manifest-merger-blame-debug-report.txt
1<?xml version="1.0" encoding="utf-8"?>
2<manifest xmlns:android="http://schemas.android.com/apk/res/android"
3    package="com.fghilmany.movieapp"
4    android:versionCode="1"
5    android:versionName="1.0" >
6
7    <uses-sdk
8        android:minSdkVersion="21"
8-->src/main/AndroidManifest.xml
9        android:targetSdkVersion="29" />
9-->src/main/AndroidManifest.xml
10
11    <uses-permission android:name="android.permission.INTERNET" />
11-->src/main/AndroidManifest.xml:5:5-67
11-->src/main/AndroidManifest.xml:5:22-64
12
13    <application
13-->src/main/AndroidManifest.xml:7:5-24:19
14        android:name="com.fghilmany.movieapp.MyApplication"
14-->src/main/AndroidManifest.xml:8:9-60
15        android:allowBackup="true"
15-->src/main/AndroidManifest.xml:9:9-35
16        android:appComponentFactory="androidx.core.app.CoreComponentFactory"
16-->[androidx.core:core:1.3.1] AndroidManifest.xml:24:18-86
17        android:debuggable="true"
17-->[:notification] AndroidManifest.xml:22:9-34
18        android:icon="@mipmap/ic_launcher"
18-->src/main/AndroidManifest.xml:10:9-43
19        android:label="@string/app_name"
19-->src/main/AndroidManifest.xml:11:9-41
20        android:roundIcon="@mipmap/ic_launcher_round"
20-->src/main/AndroidManifest.xml:12:9-54
21        android:supportsRtl="true"
21-->src/main/AndroidManifest.xml:13:9-35
22        android:testOnly="true"
22-->[:notification] AndroidManifest.xml:23:9-32
23        android:theme="@style/AppTheme" >
23-->src/main/AndroidManifest.xml:14:9-40
24        <activity android:name="com.fghilmany.movieapp.presentation.favorite.FavoriteActivity" />
24-->src/main/AndroidManifest.xml:15:9-98
24-->src/main/AndroidManifest.xml:15:19-95
25        <activity android:name="com.fghilmany.movieapp.presentation.detail.DetailActivity" />
25-->src/main/AndroidManifest.xml:16:9-94
25-->src/main/AndroidManifest.xml:16:19-91
26        <activity android:name="com.fghilmany.movieapp.presentation.home.HomeActivity" >
26-->src/main/AndroidManifest.xml:17:9-23:20
26-->src/main/AndroidManifest.xml:17:19-87
27            <intent-filter>
27-->src/main/AndroidManifest.xml:18:13-22:29
28                <action android:name="android.intent.action.MAIN" />
28-->src/main/AndroidManifest.xml:19:17-69
28-->src/main/AndroidManifest.xml:19:25-66
29
30                <category android:name="android.intent.category.LAUNCHER" />
30-->src/main/AndroidManifest.xml:21:17-77
30-->src/main/AndroidManifest.xml:21:27-74
31            </intent-filter>
32        </activity>
33
34        <service
34-->[androidx.room:room-runtime:2.2.5] AndroidManifest.xml:25:9-28:40
35            android:name="androidx.room.MultiInstanceInvalidationService"
35-->[androidx.room:room-runtime:2.2.5] AndroidManifest.xml:26:13-74
36            android:directBootAware="true"
36-->[androidx.room:room-runtime:2.2.5] AndroidManifest.xml:27:13-43
37            android:exported="false" />
37-->[androidx.room:room-runtime:2.2.5] AndroidManifest.xml:28:13-37
38
39        <provider
39-->[androidx.lifecycle:lifecycle-process:2.0.0] AndroidManifest.xml:23:9-27:43
40            android:name="androidx.lifecycle.ProcessLifecycleOwnerInitializer"
40-->[androidx.lifecycle:lifecycle-process:2.0.0] AndroidManifest.xml:24:13-79
41            android:authorities="com.fghilmany.movieapp.lifecycle-process"
41-->[androidx.lifecycle:lifecycle-process:2.0.0] AndroidManifest.xml:25:13-69
42            android:exported="false"
42-->[androidx.lifecycle:lifecycle-process:2.0.0] AndroidManifest.xml:26:13-37
43            android:multiprocess="true" />
43-->[androidx.lifecycle:lifecycle-process:2.0.0] AndroidManifest.xml:27:13-40
44
45        <activity android:name="com.fghilmany.movieapp.notification.NotificationSettingActivity" >
45-->[:notification] AndroidManifest.xml:24:9-36:20
45-->[:notification] AndroidManifest.xml:25:13-91
46            <intent-filter>
46-->[:notification] AndroidManifest.xml:27:13-35:29
47                <action android:name="android.intent.action.VIEW" />
47-->[:notification] AndroidManifest.xml:28:17-69
47-->[:notification] AndroidManifest.xml:28:25-66
48
49                <category android:name="android.intent.category.DEFAULT" />
49-->[:notification] AndroidManifest.xml:30:17-76
49-->[:notification] AndroidManifest.xml:30:27-73
50
51                <data
51-->[:notification] AndroidManifest.xml:32:17-34:49
52                    android:host="notification"
52-->[:notification] AndroidManifest.xml:33:21-48
53                    android:scheme="movieapp" />
53-->[:notification] AndroidManifest.xml:34:21-46
54            </intent-filter>
55        </activity>
56    </application>
57
58</manifest>